TIME     : 2019-05-21 22:18:40
FILE     : VMCfgMgr.cpp
FUNCTION : CVMCfgMgr::getMachineEntry_Base
LINENUM  : 771
DETAIL   : Base files is missing!

TIME     : 2019-05-21 22:18:40
FILE     : VMCfgMgr.cpp
FUNCTION : CVMCfgMgr::getMachineEntry_Base
LINENUM  : 776
DETAIL   : Base snapshot is missing!

TIME     : 2019-05-21 22:18:40
FILE     : VMCfgMgr.cpp
FUNCTION : CVMCfgMgr::getMachineEntry_Base
LINENUM  : 771
DETAIL   : Base files is missing!

TIME     : 2019-05-21 22:18:40
FILE     : VMCfgMgr.cpp
FUNCTION : CVMCfgMgr::getMachineEntry_Base
LINENUM  : 776
DETAIL   : Base snapshot is missing!

TIME     : 2019-05-21 22:18:41
FILE     : VBoxApi.cpp
FUNCTION : VB_Init
LINENUM  : 476
DETAIL   : VBI_GetISession hr = 0

TIME     : 2019-05-21 22:18:41
FILE     : WorkThread.cpp
FUNCTION : CWorkThread::start
LINENUM  : 68
DETAIL   : WorkThread ID : 15852


TIME     : 2019-05-21 22:18:41
FILE     : WorkThread.cpp
FUNCTION : CWorkThread::start
LINENUM  : 68
DETAIL   : WorkThread ID : 2916


TIME     : 2019-05-21 22:18:41
FILE     : WorkThread.cpp
FUNCTION : CWorkThread::start
LINENUM  : 68
DETAIL   : WorkThread ID : 12400


TIME     : 2019-05-21 22:18:41
FILE     : WorkThread.cpp
FUNCTION : CWorkThread::start
LINENUM  : 68
DETAIL   : WorkThread ID : 2028


TIME     : 2019-05-21 22:18:41
FILE     : VBoxApi.cpp
FUNCTION : VB_FindMachine
LINENUM  : 1308
DETAIL   : Machine "nox" has been found.

TIME     : 2019-05-21 22:18:41
FILE     : VBoxInternal.cpp
FUNCTION : VBI_CheckDiskRegist
LINENUM  : 1600
DETAIL   : errinfo=  

TIME     : 2019-05-21 22:18:41
FILE     : VBoxApi.cpp
FUNCTION : VB_FindMachineEx
LINENUM  : 1078
DETAIL   : VBI_CheckDiskRegist RESULT 0

TIME     : 2019-05-21 22:18:42
FILE     : VBoxInternal.cpp
FUNCTION : VBI_CheckDiskRegist
LINENUM  : 1600
DETAIL   : errinfo=  

TIME     : 2019-05-21 22:18:42
FILE     : VBoxApi.cpp
FUNCTION : VB_FindMachineEx
LINENUM  : 1159
DETAIL   : VBI_CheckDiskRegist RESULT 0

TIME     : 2019-05-21 22:18:42
FILE     : VBoxApi.cpp
FUNCTION : VB_FindMachineEx
LINENUM  : 1234
DETAIL   : Machine "nox" has been found.

TIME     : 2019-05-21 22:18:42
FILE     : VBoxApi.cpp
FUNCTION : VB_GetMachineState
LINENUM  : 1478
DETAIL   : Machine Status  = 1

TIME     : 2019-05-21 22:18:42
FILE     : VBoxApi.cpp
FUNCTION : VB_GetMachineState
LINENUM  : 1478
DETAIL   : Machine Status  = 1

TIME     : 2019-05-21 22:18:42
FILE     : VBoxApi.cpp
FUNCTION : VB_StartMachine
LINENUM  : 1521
DETAIL   : pV5Params=

TIME     : 2019-05-21 22:18:42
FILE     : VBoxApi.cpp
FUNCTION : VB_StartMachine
LINENUM  : 1537
DETAIL   : strEnvironment=

TIME     : 2019-05-21 22:18:43
FILE     : VBoxApi.cpp
FUNCTION : VB_GetMachineState
LINENUM  : 1478
DETAIL   : Machine Status  = 5

TIME     : 2019-05-21 22:18:43
FILE     : VBoxApi.cpp
FUNCTION : VB_GetMachineState
LINENUM  : 1478
DETAIL   : Machine Status  = 5

TIME     : 2019-05-21 22:18:43
FILE     : VBoxApi.cpp
FUNCTION : VB_RemoveSharedFolder
LINENUM  : 3368
DETAIL   : ErrorCode is "110". Detail : VB_ERR_REMOVE_SHAREDFOLDER_FAIL

TIME     : 2019-05-21 22:18:43
FILE     : VBoxApi.cpp
FUNCTION : VB_RemoveSharedFolder
LINENUM  : 3368
DETAIL   : ErrorCode is "110". Detail : VB_ERR_REMOVE_SHAREDFOLDER_FAIL

TIME     : 2019-05-21 22:18:43
FILE     : VBoxApi.cpp
FUNCTION : VB_RemoveSharedFolder
LINENUM  : 3368
DETAIL   : ErrorCode is "110". Detail : VB_ERR_REMOVE_SHAREDFOLDER_FAIL

TIME     : 2019-05-21 22:25:13
FILE     : VBoxApi.cpp
FUNCTION : VB_GetMachineState
LINENUM  : 1478
DETAIL   : Machine Status  = 1

